Using pre-set license
Built from '2020.3/release' branch; Version is '2020.3.1f1 (77a89f25062f) revision 7841951'; Using compiler version '192528614'; Build Type 'Release'
OS: 'Windows 10 Education; OS build 18363.1556; Version 1909; 64bit' Language: 'en' Physical Memory: 8121 MB
BatchMode: 1, IsHumanControllingUs: 0, StartBugReporterOnCrash: 0, Is64bit: 1, IsPro: 0

 COMMAND LINE ARGUMENTS:
C:\Program Files\Unity\Hub\Editor\2020.3.1f1\Editor\Unity.exe
-adb2
-batchMode
-noUpm
-name
AssetImportWorker0
-projectPath
D:/Code/Tetris
-logFile
Logs/AssetImportWorker0.log
-srvPort
56882
Successfully changed project path to: D:/Code/Tetris
D:/Code/Tetris
Using Asset Import Pipeline V2.
Refreshing native plugins compatible for Editor in 35.19 ms, found 0 plugins.
Preloading 0 native plugins for Editor in 0.00 ms.
Initialize engine version: 2020.3.1f1 (77a89f25062f)
[Subsystems] Discovering subsystems at path C:/Program Files/Unity/Hub/Editor/2020.3.1f1/Editor/Data/Resources/UnitySubsystems
[Subsystems] Discovering subsystems at path D:/Code/Tetris/Assets
GfxDevice: creating device client; threaded=0
Direct3D:
    Version:  Direct3D 11.0 [level 11.1]
    Renderer: NVIDIA GeForce GTX 1050 (ID=0x1c81)
    Vendor:   
    VRAM:     1977 MB
    Driver:   27.21.14.5730
Initialize mono
Mono path[0] = 'C:/Program Files/Unity/Hub/Editor/2020.3.1f1/Editor/Data/Managed'
Mono path[1] = 'C:/Program Files/Unity/Hub/Editor/2020.3.1f1/Editor/Data/MonoBleedingEdge/lib/mono/unityjit'
Mono config path = 'C:/Program Files/Unity/Hub/Editor/2020.3.1f1/Editor/Data/MonoBleedingEdge/etc'
Using monoOptions --debugger-agent=transport=dt_socket,embedding=1,server=y,suspend=n,address=127.0.0.1:56072
Begin MonoManager ReloadAssembly
Registering precompiled unity dll's ...
Register platform support module: C:/Program Files/Unity/Hub/Editor/2020.3.1f1/Editor/Data/PlaybackEngines/WindowsStandaloneSupport/UnityEditor.WindowsStandalone.Extensions.dll
Registered in 0.002809 seconds.
Native extension for WindowsStandalone target not found
Refreshing native plugins compatible for Editor in 35.86 ms, found 0 plugins.
Preloading 0 native plugins for Editor in 0.00 ms.
Invoked RoslynAnalysisRunner static constructor.
RoslynAnalysisRunner will not be running.
RoslynAnalysisRunner has terminated.
Mono: successfully reloaded assembly
- Completed reload, in  3.414 seconds
Platform modules already initialized, skipping
Registering precompiled user dll's ...
Registered in 0.000923 seconds.
Begin MonoManager ReloadAssembly
Native extension for WindowsStandalone target not found
Refreshing native plugins compatible for Editor in 0.33 ms, found 0 plugins.
Preloading 0 native plugins for Editor in 0.00 ms.
Invoked RoslynAnalysisRunner static constructor.
RoslynAnalysisRunner will not be running.
RoslynAnalysisRunner has terminated.
Mono: successfully reloaded assembly
- Completed reload, in  1.569 seconds
Platform modules already initialized, skipping
========================================================================
Worker process is ready to serve import requests
Launched and connected shader compiler UnityShaderCompiler.exe after 0.08 seconds
Refreshing native plugins compatible for Editor in 0.31 ms, found 0 plugins.
Preloading 0 native plugins for Editor in 0.00 ms.
Unloading 1156 Unused Serialized files (Serialized files now loaded: 0)
System memory in use before: 58.2 MB.
System memory in use after: 58.3 MB.

Unloading 9 unused Assets to reduce memory usage. Loaded Objects now: 1600.
Total: 2.855000 ms (FindLiveObjects: 0.270400 ms CreateObjectMapping: 0.058500 ms MarkObjects: 2.417300 ms  DeleteObjects: 0.107100 ms)

========================================================================
Received Import Request.
  path: Assets/Scripts/BlockComponent.cs
  artifactKey: Guid(acd3ae36c25de1143bae45e8ed9c470c) Importer(815301076,1909f56bfc062723c751e8b465ee728b)
Start importing Assets/Scripts/BlockComponent.cs using Guid(acd3ae36c25de1143bae45e8ed9c470c) Importer(815301076,1909f56bfc062723c751e8b465ee728b)  -> (artifact id: '0853a4f44b058367a7dced42a382e41d') in 0.066500 seconds
  Import took 0.084572 seconds .

========================================================================
Received Prepare
Registering precompiled user dll's ...
Registered in 0.000813 seconds.
Begin MonoManager ReloadAssembly
Native extension for WindowsStandalone target not found
Refreshing native plugins compatible for Editor in 0.31 ms, found 0 plugins.
Preloading 0 native plugins for Editor in 0.00 ms.
Invoked RoslynAnalysisRunner static constructor.
RoslynAnalysisRunner will not be running.
RoslynAnalysisRunner has terminated.
Mono: successfully reloaded assembly
- Completed reload, in  1.382 seconds
Platform modules already initialized, skipping
Refreshing native plugins compatible for Editor in 0.33 ms, found 0 plugins.
Preloading 0 native plugins for Editor in 0.00 ms.
Unloading 1150 Unused Serialized files (Serialized files now loaded: 0)
System memory in use before: 58.1 MB.
System memory in use after: 58.2 MB.

Unloading 4 unused Assets to reduce memory usage. Loaded Objects now: 1603.
Total: 2.851700 ms (FindLiveObjects: 0.256900 ms CreateObjectMapping: 0.050800 ms MarkObjects: 2.509700 ms  DeleteObjects: 0.031900 ms)

========================================================================
Received Import Request.
  Time since last request: 310.641065 seconds.
  path: Assets/Scripts/BlockComponent.cs
  artifactKey: Guid(acd3ae36c25de1143bae45e8ed9c470c) Importer(815301076,1909f56bfc062723c751e8b465ee728b)
Start importing Assets/Scripts/BlockComponent.cs using Guid(acd3ae36c25de1143bae45e8ed9c470c) Importer(815301076,1909f56bfc062723c751e8b465ee728b)  -> (artifact id: '0e1915eb19c40687c0213b9273e823c4') in 0.006573 seconds
  Import took 0.023236 seconds .

========================================================================
Received Prepare
Registering precompiled user dll's ...
Registered in 0.000870 seconds.
Begin MonoManager ReloadAssembly
Native extension for WindowsStandalone target not found
Refreshing native plugins compatible for Editor in 0.33 ms, found 0 plugins.
Preloading 0 native plugins for Editor in 0.00 ms.
Invoked RoslynAnalysisRunner static constructor.
RoslynAnalysisRunner will not be running.
RoslynAnalysisRunner has terminated.
Mono: successfully reloaded assembly
- Completed reload, in  2.101 seconds
Platform modules already initialized, skipping
Refreshing native plugins compatible for Editor in 1.01 ms, found 0 plugins.
Preloading 0 native plugins for Editor in 0.00 ms.
Unloading 1150 Unused Serialized files (Serialized files now loaded: 0)
System memory in use before: 58.1 MB.
System memory in use after: 58.2 MB.

Unloading 4 unused Assets to reduce memory usage. Loaded Objects now: 1606.
Total: 5.370600 ms (FindLiveObjects: 0.230500 ms CreateObjectMapping: 0.676400 ms MarkObjects: 4.428900 ms  DeleteObjects: 0.032600 ms)

========================================================================
Received Import Request.
  Time since last request: 365.346664 seconds.
  path: Packages/com.unity.2d.sprite/Editor/ObjectMenuCreation/DefaultAssets/Textures/9-Sliced.png
  artifactKey: Guid(cc35afd292fc349128b36a291fb3a165) Importer(815301076,1909f56bfc062723c751e8b465ee728b)
Start importing Packages/com.unity.2d.sprite/Editor/ObjectMenuCreation/DefaultAssets/Textures/9-Sliced.png using Guid(cc35afd292fc349128b36a291fb3a165) Importer(815301076,1909f56bfc062723c751e8b465ee728b)  -> (artifact id: '958711e20552fafe9c1fc2cd873c04ab') in 0.241197 seconds
  Import took 0.265289 seconds .

========================================================================
Received Import Request.
  Time since last request: 0.000277 seconds.
  path: Packages/com.unity.2d.sprite/Editor/ObjectMenuCreation/DefaultAssets/Textures/HexagonPointed-Top.png
  artifactKey: Guid(4b2a04fdbe0ef4d8da8f90eaca817cd1) Importer(815301076,1909f56bfc062723c751e8b465ee728b)
Start importing Packages/com.unity.2d.sprite/Editor/ObjectMenuCreation/DefaultAssets/Textures/HexagonPointed-Top.png using Guid(4b2a04fdbe0ef4d8da8f90eaca817cd1) Importer(815301076,1909f56bfc062723c751e8b465ee728b)  -> (artifact id: '664f93a004a9c365de95b4ce7c115ddd') in 0.076575 seconds
  Import took 0.104983 seconds .

========================================================================
Received Import Request.
  Time since last request: 0.000248 seconds.
  path: Packages/com.unity.2d.sprite/Editor/ObjectMenuCreation/DefaultAssets/Textures/HexagonFlat-Top.png
  artifactKey: Guid(a9716c16a44a94eed9b5c90fbf4d9bdd) Importer(815301076,1909f56bfc062723c751e8b465ee728b)
Start importing Packages/com.unity.2d.sprite/Editor/ObjectMenuCreation/DefaultAssets/Textures/HexagonFlat-Top.png using Guid(a9716c16a44a94eed9b5c90fbf4d9bdd) Importer(815301076,1909f56bfc062723c751e8b465ee728b)  -> (artifact id: '7ecf424496ad290eb3719e014a5a9dea') in 0.047714 seconds
  Import took 0.063262 seconds .

========================================================================
Received Import Request.
  Time since last request: 0.000247 seconds.
  path: Packages/com.unity.2d.sprite/Editor/ObjectMenuCreation/DefaultAssets/Textures/CircleMask.png
  artifactKey: Guid(87aaca0a643d54397ba969dab4fc8875) Importer(815301076,1909f56bfc062723c751e8b465ee728b)
Start importing Packages/com.unity.2d.sprite/Editor/ObjectMenuCreation/DefaultAssets/Textures/CircleMask.png using Guid(87aaca0a643d54397ba969dab4fc8875) Importer(815301076,1909f56bfc062723c751e8b465ee728b)  -> (artifact id: '8f44cd7bc3d35adf98db5836d0d82f09') in 0.052933 seconds
  Import took 0.069492 seconds .

========================================================================
Received Import Request.
  Time since last request: 0.000240 seconds.
  path: Packages/com.unity.2d.sprite/Editor/ObjectMenuCreation/DefaultAssets/Textures/9-Sliced.png
  artifactKey: Guid(cc35afd292fc349128b36a291fb3a165) Importer(815301076,1909f56bfc062723c751e8b465ee728b)
Start importing Packages/com.unity.2d.sprite/Editor/ObjectMenuCreation/DefaultAssets/Textures/9-Sliced.png using Guid(cc35afd292fc349128b36a291fb3a165) Importer(815301076,1909f56bfc062723c751e8b465ee728b)  -> (artifact id: '958711e20552fafe9c1fc2cd873c04ab') in 0.017226 seconds
  Import took 0.022401 seconds .

========================================================================
Received Import Request.
  Time since last request: 0.000325 seconds.
  path: Packages/com.unity.2d.sprite/Editor/ObjectMenuCreation/DefaultAssets/Textures/Circle.png
  artifactKey: Guid(4adeaf2d2b1c7417e89f026626d8264f) Importer(815301076,1909f56bfc062723c751e8b465ee728b)
Start importing Packages/com.unity.2d.sprite/Editor/ObjectMenuCreation/DefaultAssets/Textures/Circle.png using Guid(4adeaf2d2b1c7417e89f026626d8264f) Importer(815301076,1909f56bfc062723c751e8b465ee728b)  -> (artifact id: '3b94d006745b4bd372f4e39ecb37f4b7') in 0.059000 seconds
  Import took 0.063905 seconds .

========================================================================
Received Import Request.
  Time since last request: 0.000240 seconds.
  path: Packages/com.unity.2d.sprite/Editor/ObjectMenuCreation/DefaultAssets/Textures/Square.png
  artifactKey: Guid(db750325989564987a34393247d883b4) Importer(815301076,1909f56bfc062723c751e8b465ee728b)
Start importing Packages/com.unity.2d.sprite/Editor/ObjectMenuCreation/DefaultAssets/Textures/Square.png using Guid(db750325989564987a34393247d883b4) Importer(815301076,1909f56bfc062723c751e8b465ee728b)  -> (artifact id: '2f9e1e4c6e0272486016fce03f9880a9') in 0.025542 seconds
  Import took 0.045539 seconds .

========================================================================
Received Import Request.
  Time since last request: 0.000350 seconds.
  path: Packages/com.unity.2d.sprite/Editor/ObjectMenuCreation/DefaultAssets/Textures/Capsule.png
  artifactKey: Guid(34587324d412940a79d530020c957dc0) Importer(815301076,1909f56bfc062723c751e8b465ee728b)
Start importing Packages/com.unity.2d.sprite/Editor/ObjectMenuCreation/DefaultAssets/Textures/Capsule.png using Guid(34587324d412940a79d530020c957dc0) Importer(815301076,1909f56bfc062723c751e8b465ee728b)  -> (artifact id: 'c99e8992aee196fe7f1bc50837eb4af5') in 0.058391 seconds
  Import took 0.070272 seconds .

========================================================================
Received Import Request.
  Time since last request: 0.000292 seconds.
  path: Packages/com.unity.2d.sprite/Editor/ObjectMenuCreation/DefaultAssets/Textures/IsometricDiamond.png
  artifactKey: Guid(0d267bc78a0864eb48358689b29ed20a) Importer(815301076,1909f56bfc062723c751e8b465ee728b)
Start importing Packages/com.unity.2d.sprite/Editor/ObjectMenuCreation/DefaultAssets/Textures/IsometricDiamond.png using Guid(0d267bc78a0864eb48358689b29ed20a) Importer(815301076,1909f56bfc062723c751e8b465ee728b)  -> (artifact id: 'afabe840d427a3d1fbe7be5acc9154cf') in 0.078944 seconds
  Import took 0.097350 seconds .

========================================================================
Received Import Request.
  Time since last request: 0.000247 seconds.
  path: Packages/com.unity.2d.sprite/Editor/ObjectMenuCreation/DefaultAssets/Textures/Capsule.png
  artifactKey: Guid(34587324d412940a79d530020c957dc0) Importer(815301076,1909f56bfc062723c751e8b465ee728b)
Start importing Packages/com.unity.2d.sprite/Editor/ObjectMenuCreation/DefaultAssets/Textures/Capsule.png using Guid(34587324d412940a79d530020c957dc0) Importer(815301076,1909f56bfc062723c751e8b465ee728b)  -> (artifact id: 'c99e8992aee196fe7f1bc50837eb4af5') in 0.014520 seconds
  Import took 0.017973 seconds .

========================================================================
Received Import Request.
  Time since last request: 0.000264 seconds.
  path: Packages/com.unity.2d.sprite/Editor/ObjectMenuCreation/DefaultAssets/Textures/IsometricDiamond.png
  artifactKey: Guid(0d267bc78a0864eb48358689b29ed20a) Importer(815301076,1909f56bfc062723c751e8b465ee728b)
Start importing Packages/com.unity.2d.sprite/Editor/ObjectMenuCreation/DefaultAssets/Textures/IsometricDiamond.png using Guid(0d267bc78a0864eb48358689b29ed20a) Importer(815301076,1909f56bfc062723c751e8b465ee728b)  -> (artifact id: 'afabe840d427a3d1fbe7be5acc9154cf') in 0.015643 seconds
  Import took 0.019624 seconds .

========================================================================
Received Prepare
Registering precompiled user dll's ...
Registered in 0.000776 seconds.
Begin MonoManager ReloadAssembly
Native extension for WindowsStandalone target not found
Refreshing native plugins compatible for Editor in 0.26 ms, found 0 plugins.
Preloading 0 native plugins for Editor in 0.00 ms.
Invoked RoslynAnalysisRunner static constructor.
RoslynAnalysisRunner will not be running.
RoslynAnalysisRunner has terminated.
Mono: successfully reloaded assembly
- Completed reload, in  1.420 seconds
Platform modules already initialized, skipping
Refreshing native plugins compatible for Editor in 0.26 ms, found 0 plugins.
Preloading 0 native plugins for Editor in 0.00 ms.
Unloading 1150 Unused Serialized files (Serialized files now loaded: 0)
System memory in use before: 61.3 MB.
System memory in use after: 61.4 MB.

Unloading 4 unused Assets to reduce memory usage. Loaded Objects now: 1623.
Total: 3.800100 ms (FindLiveObjects: 0.230600 ms CreateObjectMapping: 0.047800 ms MarkObjects: 3.492300 ms  DeleteObjects: 0.027500 ms)

========================================================================
Received Prepare
Registering precompiled user dll's ...
Registered in 0.001360 seconds.
Begin MonoManager ReloadAssembly
Native extension for WindowsStandalone target not found
Refreshing native plugins compatible for Editor in 0.26 ms, found 0 plugins.
Preloading 0 native plugins for Editor in 0.00 ms.
Invoked RoslynAnalysisRunner static constructor.
RoslynAnalysisRunner will not be running.
RoslynAnalysisRunner has terminated.
Mono: successfully reloaded assembly
- Completed reload, in  1.373 seconds
Platform modules already initialized, skipping
Refreshing native plugins compatible for Editor in 0.29 ms, found 0 plugins.
Preloading 0 native plugins for Editor in 0.00 ms.
Unloading 1150 Unused Serialized files (Serialized files now loaded: 0)
System memory in use before: 61.3 MB.
System memory in use after: 61.4 MB.

Unloading 4 unused Assets to reduce memory usage. Loaded Objects now: 1626.
Total: 2.148300 ms (FindLiveObjects: 0.294800 ms CreateObjectMapping: 0.036300 ms MarkObjects: 1.796500 ms  DeleteObjects: 0.018600 ms)

========================================================================
Received Prepare
Registering precompiled user dll's ...
Registered in 0.000860 seconds.
Begin MonoManager ReloadAssembly
Native extension for WindowsStandalone target not found
Refreshing native plugins compatible for Editor in 0.35 ms, found 0 plugins.
Preloading 0 native plugins for Editor in 0.00 ms.
Invoked RoslynAnalysisRunner static constructor.
RoslynAnalysisRunner will not be running.
RoslynAnalysisRunner has terminated.
Mono: successfully reloaded assembly
- Completed reload, in  2.150 seconds
Platform modules already initialized, skipping
Refreshing native plugins compatible for Editor in 0.26 ms, found 0 plugins.
Preloading 0 native plugins for Editor in 0.00 ms.
Unloading 1150 Unused Serialized files (Serialized files now loaded: 0)
System memory in use before: 61.3 MB.
System memory in use after: 61.4 MB.

Unloading 4 unused Assets to reduce memory usage. Loaded Objects now: 1629.
Total: 3.117100 ms (FindLiveObjects: 0.207600 ms CreateObjectMapping: 0.077400 ms MarkObjects: 2.804600 ms  DeleteObjects: 0.025400 ms)

========================================================================
Received Prepare
Registering precompiled user dll's ...
Registered in 0.001012 seconds.
Begin MonoManager ReloadAssembly
Native extension for WindowsStandalone target not found
Refreshing native plugins compatible for Editor in 0.33 ms, found 0 plugins.
Preloading 0 native plugins for Editor in 0.00 ms.
Invoked RoslynAnalysisRunner static constructor.
RoslynAnalysisRunner will not be running.
RoslynAnalysisRunner has terminated.
Mono: successfully reloaded assembly
- Completed reload, in  1.395 seconds
Platform modules already initialized, skipping
Refreshing native plugins compatible for Editor in 0.45 ms, found 0 plugins.
Preloading 0 native plugins for Editor in 0.00 ms.
Unloading 1150 Unused Serialized files (Serialized files now loaded: 0)
System memory in use before: 61.3 MB.
System memory in use after: 61.4 MB.

Unloading 4 unused Assets to reduce memory usage. Loaded Objects now: 1632.
Total: 2.841800 ms (FindLiveObjects: 0.223100 ms CreateObjectMapping: 0.043900 ms MarkObjects: 2.553900 ms  DeleteObjects: 0.019500 ms)

========================================================================
Received Import Request.
  Time since last request: 876.322234 seconds.
  path: Assets/Prefabs/BlockI.prefab
  artifactKey: Guid(95ec7d2dbdd7a2645b46a48f2ddd818f) Importer(815301076,1909f56bfc062723c751e8b465ee728b)
Start importing Assets/Prefabs/BlockI.prefab using Guid(95ec7d2dbdd7a2645b46a48f2ddd818f) Importer(815301076,1909f56bfc062723c751e8b465ee728b)  -> (artifact id: 'ed8fe75cc92d868ce7db14be76b25ff4') in 0.154574 seconds
  Import took 0.158388 seconds .

========================================================================
Received Import Request.
  Time since last request: 15.727926 seconds.
  path: Assets/Prefabs/BlockJ.prefab
  artifactKey: Guid(f91a88ba3681def4d9ee247f96ce5920) Importer(815301076,1909f56bfc062723c751e8b465ee728b)
Start importing Assets/Prefabs/BlockJ.prefab using Guid(f91a88ba3681def4d9ee247f96ce5920) Importer(815301076,1909f56bfc062723c751e8b465ee728b)  -> (artifact id: '1595eabd01ab60c4816337cb836000c7') in 0.028200 seconds
  Import took 0.044337 seconds .

========================================================================
Received Import Request.
  Time since last request: 19.005567 seconds.
  path: Assets/Prefabs/BlockL.prefab
  artifactKey: Guid(194963c0bf28fd54e8d5b7d4e4306d6c) Importer(815301076,1909f56bfc062723c751e8b465ee728b)
Start importing Assets/Prefabs/BlockL.prefab using Guid(194963c0bf28fd54e8d5b7d4e4306d6c) Importer(815301076,1909f56bfc062723c751e8b465ee728b)  -> (artifact id: '2489a08baf1ef91ddbbec6a97889a35d') in 0.021303 seconds
  Import took 0.034773 seconds .

========================================================================
Received Import Request.
  Time since last request: 11.423386 seconds.
  path: Assets/Prefabs/BlockO.prefab
  artifactKey: Guid(5229b1808f88a1f4d98a01dccec37635) Importer(815301076,1909f56bfc062723c751e8b465ee728b)
Start importing Assets/Prefabs/BlockO.prefab using Guid(5229b1808f88a1f4d98a01dccec37635) Importer(815301076,1909f56bfc062723c751e8b465ee728b)  -> (artifact id: '567bbb3bc2c04c570f61a7fd47dc86ce') in 0.024402 seconds
  Import took 0.028186 seconds .

========================================================================
Received Import Request.
  Time since last request: 12.602479 seconds.
  path: Assets/Prefabs/BlockI.prefab
  artifactKey: Guid(95ec7d2dbdd7a2645b46a48f2ddd818f) Importer(815301076,1909f56bfc062723c751e8b465ee728b)
Start importing Assets/Prefabs/BlockI.prefab using Guid(95ec7d2dbdd7a2645b46a48f2ddd818f) Importer(815301076,1909f56bfc062723c751e8b465ee728b)  -> (artifact id: '49e4ef08f28b4893fbaac393bf6f6432') in 0.016163 seconds
  Import took 0.019417 seconds .

========================================================================
Received Import Request.
  Time since last request: 0.000251 seconds.
  path: Assets/Prefabs/BlockJ.prefab
  artifactKey: Guid(f91a88ba3681def4d9ee247f96ce5920) Importer(815301076,1909f56bfc062723c751e8b465ee728b)
Start importing Assets/Prefabs/BlockJ.prefab using Guid(f91a88ba3681def4d9ee247f96ce5920) Importer(815301076,1909f56bfc062723c751e8b465ee728b)  -> (artifact id: 'd12e55e290b0645646b8d9324fc95b6e') in 0.013246 seconds
  Import took 0.016678 seconds .

========================================================================
Received Import Request.
  Time since last request: 0.000366 seconds.
  path: Assets/Prefabs/BlockL.prefab
  artifactKey: Guid(194963c0bf28fd54e8d5b7d4e4306d6c) Importer(815301076,1909f56bfc062723c751e8b465ee728b)
Start importing Assets/Prefabs/BlockL.prefab using Guid(194963c0bf28fd54e8d5b7d4e4306d6c) Importer(815301076,1909f56bfc062723c751e8b465ee728b)  -> (artifact id: 'bfd2f4b65cdd2bbb32f7df54a3d600f4') in 0.012900 seconds
  Import took 0.044234 seconds .

========================================================================
Received Import Request.
  Time since last request: 0.000947 seconds.
  path: Assets/Prefabs/Cell.prefab
  artifactKey: Guid(65646d4760cbd914ea25f5ba252185b7) Importer(815301076,1909f56bfc062723c751e8b465ee728b)
Start importing Assets/Prefabs/Cell.prefab using Guid(65646d4760cbd914ea25f5ba252185b7) Importer(815301076,1909f56bfc062723c751e8b465ee728b)  -> (artifact id: 'e797db9a378f148bffc77c25f22b9831') in 0.041376 seconds
  Import took 0.047008 seconds .

========================================================================
Received Import Request.
  Time since last request: 0.000407 seconds.
  path: Assets/Prefabs/BlockS.prefab
  artifactKey: Guid(d235ecba75a04584f874f1bc1be69aa7) Importer(815301076,1909f56bfc062723c751e8b465ee728b)
Start importing Assets/Prefabs/BlockS.prefab using Guid(d235ecba75a04584f874f1bc1be69aa7) Importer(815301076,1909f56bfc062723c751e8b465ee728b)  -> (artifact id: 'e124468c28e9c98601113adf92e68feb') in 0.026641 seconds
  Import took 0.046399 seconds .

========================================================================
Received Import Request.
  Time since last request: 0.000498 seconds.
  path: Assets/Prefabs/BlockO.prefab
  artifactKey: Guid(5229b1808f88a1f4d98a01dccec37635) Importer(815301076,1909f56bfc062723c751e8b465ee728b)
Start importing Assets/Prefabs/BlockO.prefab using Guid(5229b1808f88a1f4d98a01dccec37635) Importer(815301076,1909f56bfc062723c751e8b465ee728b)  -> (artifact id: 'b3826d9bebdd61e70a6d7ac91793a00f') in 0.016807 seconds
  Import took 0.020652 seconds .

========================================================================
Received Import Request.
  Time since last request: 0.000291 seconds.
  path: Assets/Prefabs/BlockT.prefab
  artifactKey: Guid(4fdcc0aa76c87dc42a3bb208a5987abb) Importer(815301076,1909f56bfc062723c751e8b465ee728b)
Start importing Assets/Prefabs/BlockT.prefab using Guid(4fdcc0aa76c87dc42a3bb208a5987abb) Importer(815301076,1909f56bfc062723c751e8b465ee728b)  -> (artifact id: '363cc38aedf022b9ffc6bf0c9d50b973') in 0.025830 seconds
  Import took 0.030023 seconds .

========================================================================
Received Import Request.
  Time since last request: 0.000374 seconds.
  path: Assets/Prefabs/BlockZ.prefab
  artifactKey: Guid(35c9351da71db98409795195ae576313) Importer(815301076,1909f56bfc062723c751e8b465ee728b)
Start importing Assets/Prefabs/BlockZ.prefab using Guid(35c9351da71db98409795195ae576313) Importer(815301076,1909f56bfc062723c751e8b465ee728b)  -> (artifact id: 'acf11abbf8fd0d2f014b3f9ee5a33811') in 0.039904 seconds
  Import took 0.063205 seconds .

========================================================================
Received Import Request.
  Time since last request: 9.479330 seconds.
  path: Assets/Prefabs/BlockS.prefab
  artifactKey: Guid(d235ecba75a04584f874f1bc1be69aa7) Importer(815301076,1909f56bfc062723c751e8b465ee728b)
Start importing Assets/Prefabs/BlockS.prefab using Guid(d235ecba75a04584f874f1bc1be69aa7) Importer(815301076,1909f56bfc062723c751e8b465ee728b)  -> (artifact id: '1347414c75822a3ac26022d98a20515d') in 0.018582 seconds
  Import took 0.038948 seconds .

========================================================================
Received Import Request.
  Time since last request: 5.802389 seconds.
  path: Assets/Prefabs/BlockT.prefab
  artifactKey: Guid(4fdcc0aa76c87dc42a3bb208a5987abb) Importer(815301076,1909f56bfc062723c751e8b465ee728b)
Start importing Assets/Prefabs/BlockT.prefab using Guid(4fdcc0aa76c87dc42a3bb208a5987abb) Importer(815301076,1909f56bfc062723c751e8b465ee728b)  -> (artifact id: 'c2bde4316cf968a4961d51366cf65755') in 0.013580 seconds
  Import took 0.017368 seconds .

========================================================================
Received Import Request.
  Time since last request: 4.105668 seconds.
  path: Assets/Prefabs/BlockZ.prefab
  artifactKey: Guid(35c9351da71db98409795195ae576313) Importer(815301076,1909f56bfc062723c751e8b465ee728b)
Start importing Assets/Prefabs/BlockZ.prefab using Guid(35c9351da71db98409795195ae576313) Importer(815301076,1909f56bfc062723c751e8b465ee728b)  -> (artifact id: '49083d8a6e8cb7559f2bbc1733175cdf') in 0.014812 seconds
  Import took 0.017937 seconds .

========================================================================
Received Prepare
Registering precompiled user dll's ...
Registered in 0.001036 seconds.
Begin MonoManager ReloadAssembly
Native extension for WindowsStandalone target not found
Refreshing native plugins compatible for Editor in 0.26 ms, found 0 plugins.
Preloading 0 native plugins for Editor in 0.00 ms.
Invoked RoslynAnalysisRunner static constructor.
RoslynAnalysisRunner will not be running.
RoslynAnalysisRunner has terminated.
Mono: successfully reloaded assembly
- Completed reload, in  1.343 seconds
Platform modules already initialized, skipping
Refreshing native plugins compatible for Editor in 0.26 ms, found 0 plugins.
Preloading 0 native plugins for Editor in 0.00 ms.
Unloading 1151 Unused Serialized files (Serialized files now loaded: 0)
System memory in use before: 61.4 MB.
System memory in use after: 61.5 MB.

Unloading 4 unused Assets to reduce memory usage. Loaded Objects now: 1640.
Total: 2.222600 ms (FindLiveObjects: 0.195100 ms CreateObjectMapping: 0.041800 ms MarkObjects: 1.968300 ms  DeleteObjects: 0.015900 ms)

========================================================================
Received Prepare
Registering precompiled user dll's ...
Registered in 0.000842 seconds.
Begin MonoManager ReloadAssembly
Native extension for WindowsStandalone target not found
Refreshing native plugins compatible for Editor in 0.25 ms, found 0 plugins.
Preloading 0 native plugins for Editor in 0.00 ms.
Invoked RoslynAnalysisRunner static constructor.
RoslynAnalysisRunner will not be running.
RoslynAnalysisRunner has terminated.
Mono: successfully reloaded assembly
- Completed reload, in  1.495 seconds
Platform modules already initialized, skipping
Refreshing native plugins compatible for Editor in 0.25 ms, found 0 plugins.
Preloading 0 native plugins for Editor in 0.00 ms.
Unloading 1151 Unused Serialized files (Serialized files now loaded: 0)
System memory in use before: 61.4 MB.
System memory in use after: 61.5 MB.

Unloading 4 unused Assets to reduce memory usage. Loaded Objects now: 1643.
Total: 2.005100 ms (FindLiveObjects: 0.188500 ms CreateObjectMapping: 0.034300 ms MarkObjects: 1.761900 ms  DeleteObjects: 0.019000 ms)

========================================================================
Received Import Request.
  Time since last request: 537.840954 seconds.
  path: Assets/Prefabs/BlockI.prefab
  artifactKey: Guid(95ec7d2dbdd7a2645b46a48f2ddd818f) Importer(815301076,1909f56bfc062723c751e8b465ee728b)
Start importing Assets/Prefabs/BlockI.prefab using Guid(95ec7d2dbdd7a2645b46a48f2ddd818f) Importer(815301076,1909f56bfc062723c751e8b465ee728b)  -> (artifact id: '34f39c93c49bd36f239285d9b0e2f447') in 0.155954 seconds
  Import took 0.162975 seconds .

========================================================================
Received Import Request.
  Time since last request: 0.000300 seconds.
  path: Assets/Prefabs/BlockJ.prefab
  artifactKey: Guid(f91a88ba3681def4d9ee247f96ce5920) Importer(815301076,1909f56bfc062723c751e8b465ee728b)
Start importing Assets/Prefabs/BlockJ.prefab using Guid(f91a88ba3681def4d9ee247f96ce5920) Importer(815301076,1909f56bfc062723c751e8b465ee728b)  -> (artifact id: '92987d3cf8004e9979200aaf377bcf8b') in 0.012012 seconds
  Import took 0.015815 seconds .

========================================================================
Received Import Request.
  Time since last request: 0.000228 seconds.
  path: Assets/Prefabs/BlockL.prefab
  artifactKey: Guid(194963c0bf28fd54e8d5b7d4e4306d6c) Importer(815301076,1909f56bfc062723c751e8b465ee728b)
Start importing Assets/Prefabs/BlockL.prefab using Guid(194963c0bf28fd54e8d5b7d4e4306d6c) Importer(815301076,1909f56bfc062723c751e8b465ee728b)  -> (artifact id: 'b51a7a28cf5d6cfd030a8c05c3d28367') in 0.019627 seconds
  Import took 0.045501 seconds .

========================================================================
Received Import Request.
  Time since last request: 0.000389 seconds.
  path: Assets/Prefabs/BlockS.prefab
  artifactKey: Guid(d235ecba75a04584f874f1bc1be69aa7) Importer(815301076,1909f56bfc062723c751e8b465ee728b)
Start importing Assets/Prefabs/BlockS.prefab using Guid(d235ecba75a04584f874f1bc1be69aa7) Importer(815301076,1909f56bfc062723c751e8b465ee728b)  -> (artifact id: '56dc2f8b1c10bb628b6b2f2bdca55766') in 0.015789 seconds
  Import took 0.019304 seconds .

========================================================================
Received Import Request.
  Time since last request: 0.000215 seconds.
  path: Assets/Prefabs/BlockO.prefab
  artifactKey: Guid(5229b1808f88a1f4d98a01dccec37635) Importer(815301076,1909f56bfc062723c751e8b465ee728b)
Start importing Assets/Prefabs/BlockO.prefab using Guid(5229b1808f88a1f4d98a01dccec37635) Importer(815301076,1909f56bfc062723c751e8b465ee728b)  -> (artifact id: '7de3b693d993279fda5bf41c52462256') in 0.024853 seconds
  Import took 0.035694 seconds .

========================================================================
Received Import Request.
  Time since last request: 0.000231 seconds.
  path: Assets/Prefabs/BlockT.prefab
  artifactKey: Guid(4fdcc0aa76c87dc42a3bb208a5987abb) Importer(815301076,1909f56bfc062723c751e8b465ee728b)
Start importing Assets/Prefabs/BlockT.prefab using Guid(4fdcc0aa76c87dc42a3bb208a5987abb) Importer(815301076,1909f56bfc062723c751e8b465ee728b)  -> (artifact id: 'b97801124f9afe507496830ecd8d5c77') in 0.012438 seconds
  Import took 0.017286 seconds .

========================================================================
Received Import Request.
  Time since last request: 0.000358 seconds.
  path: Assets/Prefabs/BlockZ.prefab
  artifactKey: Guid(35c9351da71db98409795195ae576313) Importer(815301076,1909f56bfc062723c751e8b465ee728b)
Start importing Assets/Prefabs/BlockZ.prefab using Guid(35c9351da71db98409795195ae576313) Importer(815301076,1909f56bfc062723c751e8b465ee728b)  -> (artifact id: '501ad431bce2bbd0f9194f3f2ec08987') in 0.022102 seconds
  Import took 0.027138 seconds .

========================================================================
Received Prepare
Registering precompiled user dll's ...
Registered in 0.000976 seconds.
Begin MonoManager ReloadAssembly
Native extension for WindowsStandalone target not found
Refreshing native plugins compatible for Editor in 0.66 ms, found 0 plugins.
Preloading 0 native plugins for Editor in 0.00 ms.
Invoked RoslynAnalysisRunner static constructor.
RoslynAnalysisRunner will not be running.
RoslynAnalysisRunner has terminated.
Mono: successfully reloaded assembly
- Completed reload, in  1.437 seconds
Platform modules already initialized, skipping
Refreshing native plugins compatible for Editor in 0.32 ms, found 0 plugins.
Preloading 0 native plugins for Editor in 0.00 ms.
Unloading 1151 Unused Serialized files (Serialized files now loaded: 0)
System memory in use before: 61.4 MB.
System memory in use after: 61.5 MB.

Unloading 4 unused Assets to reduce memory usage. Loaded Objects now: 1647.
Total: 2.010100 ms (FindLiveObjects: 0.297200 ms CreateObjectMapping: 0.035900 ms MarkObjects: 1.659500 ms  DeleteObjects: 0.016000 ms)

========================================================================
Received Prepare
Registering precompiled user dll's ...
Registered in 0.000778 seconds.
Begin MonoManager ReloadAssembly
Native extension for WindowsStandalone target not found
Refreshing native plugins compatible for Editor in 0.41 ms, found 0 plugins.
Preloading 0 native plugins for Editor in 0.00 ms.
Invoked RoslynAnalysisRunner static constructor.
RoslynAnalysisRunner will not be running.
RoslynAnalysisRunner has terminated.
Mono: successfully reloaded assembly
- Completed reload, in  1.492 seconds
Platform modules already initialized, skipping
Refreshing native plugins compatible for Editor in 0.31 ms, found 0 plugins.
Preloading 0 native plugins for Editor in 0.00 ms.
Unloading 1151 Unused Serialized files (Serialized files now loaded: 0)
System memory in use before: 61.4 MB.
System memory in use after: 61.5 MB.

Unloading 4 unused Assets to reduce memory usage. Loaded Objects now: 1650.
Total: 2.087200 ms (FindLiveObjects: 0.202400 ms CreateObjectMapping: 0.036700 ms MarkObjects: 1.824100 ms  DeleteObjects: 0.022500 ms)

========================================================================
Received Prepare
Registering precompiled user dll's ...
Registered in 0.000760 seconds.
Begin MonoManager ReloadAssembly
Native extension for WindowsStandalone target not found
Refreshing native plugins compatible for Editor in 0.38 ms, found 0 plugins.
Preloading 0 native plugins for Editor in 0.00 ms.
Invoked RoslynAnalysisRunner static constructor.
RoslynAnalysisRunner will not be running.
RoslynAnalysisRunner has terminated.
Mono: successfully reloaded assembly
- Completed reload, in  1.796 seconds
Platform modules already initialized, skipping
Refreshing native plugins compatible for Editor in 0.34 ms, found 0 plugins.
Preloading 0 native plugins for Editor in 0.00 ms.
Unloading 1151 Unused Serialized files (Serialized files now loaded: 0)
System memory in use before: 61.4 MB.
System memory in use after: 61.5 MB.

Unloading 4 unused Assets to reduce memory usage. Loaded Objects now: 1653.
Total: 2.584600 ms (FindLiveObjects: 0.236600 ms CreateObjectMapping: 0.049400 ms MarkObjects: 2.278100 ms  DeleteObjects: 0.019000 ms)

========================================================================
Received Import Request.
  Time since last request: 447.639997 seconds.
  path: Assets/Sprites/Square.png
  artifactKey: Guid(a84beca5787927448993f12624d65493) Importer(815301076,1909f56bfc062723c751e8b465ee728b)
Start importing Assets/Sprites/Square.png using Guid(a84beca5787927448993f12624d65493) Importer(815301076,1909f56bfc062723c751e8b465ee728b)  -> (artifact id: 'a5037e82c60d241af4e389c6f36e2fff') in 0.088836 seconds
  Import took 0.098429 seconds .

========================================================================
Received Import Request.
  Time since last request: 13.507078 seconds.
  path: Assets/Sprites/Square.png
  artifactKey: Guid(a84beca5787927448993f12624d65493) Importer(815301076,1909f56bfc062723c751e8b465ee728b)
Start importing Assets/Sprites/Square.png using Guid(a84beca5787927448993f12624d65493) Importer(815301076,1909f56bfc062723c751e8b465ee728b)  -> (artifact id: '3a7fb32da3eeaeb21380a971d821157d') in 0.063715 seconds
  Import took 0.066857 seconds .

========================================================================
Received Prepare
Registering precompiled user dll's ...
Registered in 0.001664 seconds.
Begin MonoManager ReloadAssembly
Native extension for WindowsStandalone target not found
Refreshing native plugins compatible for Editor in 0.66 ms, found 0 plugins.
Preloading 0 native plugins for Editor in 0.00 ms.
Invoked RoslynAnalysisRunner static constructor.
RoslynAnalysisRunner will not be running.
RoslynAnalysisRunner has terminated.
Mono: successfully reloaded assembly
- Completed reload, in  2.194 seconds
Platform modules already initialized, skipping
Refreshing native plugins compatible for Editor in 0.30 ms, found 0 plugins.
Preloading 0 native plugins for Editor in 0.00 ms.
Unloading 1151 Unused Serialized files (Serialized files now loaded: 0)
System memory in use before: 61.4 MB.
System memory in use after: 61.5 MB.

Unloading 4 unused Assets to reduce memory usage. Loaded Objects now: 1657.
Total: 2.239600 ms (FindLiveObjects: 0.194500 ms CreateObjectMapping: 0.042700 ms MarkObjects: 1.979000 ms  DeleteObjects: 0.022000 ms)

========================================================================
Received Import Request.
  Time since last request: 312.956615 seconds.
  path: Assets/Prefabs/BlockI.prefab
  artifactKey: Guid(95ec7d2dbdd7a2645b46a48f2ddd818f) Importer(815301076,1909f56bfc062723c751e8b465ee728b)
Start importing Assets/Prefabs/BlockI.prefab using Guid(95ec7d2dbdd7a2645b46a48f2ddd818f) Importer(815301076,1909f56bfc062723c751e8b465ee728b)  -> (artifact id: '8a80433a05ae666a15684dd7ede59259') in 0.107270 seconds
  Import took 0.110949 seconds .

========================================================================
Received Import Request.
  Time since last request: 0.000244 seconds.
  path: Assets/Prefabs/BlockJ.prefab
  artifactKey: Guid(f91a88ba3681def4d9ee247f96ce5920) Importer(815301076,1909f56bfc062723c751e8b465ee728b)
Start importing Assets/Prefabs/BlockJ.prefab using Guid(f91a88ba3681def4d9ee247f96ce5920) Importer(815301076,1909f56bfc062723c751e8b465ee728b)  -> (artifact id: 'b27e7503078f523b0dec85ed1ca57bda') in 0.019139 seconds
  Import took 0.021980 seconds .

========================================================================
Received Import Request.
  Time since last request: 0.000219 seconds.
  path: Assets/Prefabs/BlockL.prefab
  artifactKey: Guid(194963c0bf28fd54e8d5b7d4e4306d6c) Importer(815301076,1909f56bfc062723c751e8b465ee728b)
Start importing Assets/Prefabs/BlockL.prefab using Guid(194963c0bf28fd54e8d5b7d4e4306d6c) Importer(815301076,1909f56bfc062723c751e8b465ee728b)  -> (artifact id: 'd31af729f04e60b92ca7edd195e5b50d') in 0.022628 seconds
  Import took 0.026117 seconds .

========================================================================
Received Import Request.
  Time since last request: 0.000221 seconds.
  path: Assets/Prefabs/BlockS.prefab
  artifactKey: Guid(d235ecba75a04584f874f1bc1be69aa7) Importer(815301076,1909f56bfc062723c751e8b465ee728b)
Start importing Assets/Prefabs/BlockS.prefab using Guid(d235ecba75a04584f874f1bc1be69aa7) Importer(815301076,1909f56bfc062723c751e8b465ee728b)  -> (artifact id: 'eafc62001d26b8cf5b35b14c8c0b052c') in 0.016698 seconds
  Import took 0.019853 seconds .

========================================================================
Received Import Request.
  Time since last request: 0.000226 seconds.
  path: Assets/Prefabs/BlockO.prefab
  artifactKey: Guid(5229b1808f88a1f4d98a01dccec37635) Importer(815301076,1909f56bfc062723c751e8b465ee728b)
Start importing Assets/Prefabs/BlockO.prefab using Guid(5229b1808f88a1f4d98a01dccec37635) Importer(815301076,1909f56bfc062723c751e8b465ee728b)  -> (artifact id: '7265c98ffb9c4eb95c41e83b4fb9a229') in 0.020088 seconds
  Import took 0.024639 seconds .

========================================================================
Received Import Request.
  Time since last request: 0.000248 seconds.
  path: Assets/Prefabs/BlockT.prefab
  artifactKey: Guid(4fdcc0aa76c87dc42a3bb208a5987abb) Importer(815301076,1909f56bfc062723c751e8b465ee728b)
Start importing Assets/Prefabs/BlockT.prefab using Guid(4fdcc0aa76c87dc42a3bb208a5987abb) Importer(815301076,1909f56bfc062723c751e8b465ee728b)  -> (artifact id: '024d2f5c85015e67628a0316d5a0ae22') in 0.016634 seconds
  Import took 0.019685 seconds .

========================================================================
Received Import Request.
  Time since last request: 0.000203 seconds.
  path: Assets/Prefabs/BlockZ.prefab
  artifactKey: Guid(35c9351da71db98409795195ae576313) Importer(815301076,1909f56bfc062723c751e8b465ee728b)
Start importing Assets/Prefabs/BlockZ.prefab using Guid(35c9351da71db98409795195ae576313) Importer(815301076,1909f56bfc062723c751e8b465ee728b)  -> (artifact id: 'e68e21517841648cbb7735d08d85b554') in 0.019014 seconds
  Import took 0.022271 seconds .

========================================================================
Received Import Request.
  Time since last request: 0.000229 seconds.
  path: Assets/Prefabs/BlockT.prefab
  artifactKey: Guid(4fdcc0aa76c87dc42a3bb208a5987abb) Importer(815301076,1909f56bfc062723c751e8b465ee728b)
Start importing Assets/Prefabs/BlockT.prefab using Guid(4fdcc0aa76c87dc42a3bb208a5987abb) Importer(815301076,1909f56bfc062723c751e8b465ee728b)  -> (artifact id: '024d2f5c85015e67628a0316d5a0ae22') in 0.012386 seconds
  Import took 0.015875 seconds .

========================================================================
Received Import Request.
  Time since last request: 1.056145 seconds.
  path: Assets/Prefabs/BlockI.prefab
  artifactKey: Guid(95ec7d2dbdd7a2645b46a48f2ddd818f) Importer(815301076,1909f56bfc062723c751e8b465ee728b)
Start importing Assets/Prefabs/BlockI.prefab using Guid(95ec7d2dbdd7a2645b46a48f2ddd818f) Importer(815301076,1909f56bfc062723c751e8b465ee728b)  -> (artifact id: '78caed9e2a36fb775ccefa08fe74236e') in 0.017209 seconds
  Import took 0.021419 seconds .

========================================================================
Received Import Request.
  Time since last request: 0.017528 seconds.
  path: Assets/Prefabs/BlockI.prefab
  artifactKey: Guid(95ec7d2dbdd7a2645b46a48f2ddd818f) Importer(815301076,1909f56bfc062723c751e8b465ee728b)
Start importing Assets/Prefabs/BlockI.prefab using Guid(95ec7d2dbdd7a2645b46a48f2ddd818f) Importer(815301076,1909f56bfc062723c751e8b465ee728b)  -> (artifact id: '78caed9e2a36fb775ccefa08fe74236e') in 0.014825 seconds
  Import took 0.017918 seconds .

========================================================================
Received Import Request.
  Time since last request: 0.000215 seconds.
  path: Assets/Prefabs/BlockJ.prefab
  artifactKey: Guid(f91a88ba3681def4d9ee247f96ce5920) Importer(815301076,1909f56bfc062723c751e8b465ee728b)
Start importing Assets/Prefabs/BlockJ.prefab using Guid(f91a88ba3681def4d9ee247f96ce5920) Importer(815301076,1909f56bfc062723c751e8b465ee728b)  -> (artifact id: '2b5bc5c791d3899e637dc5e779fd615f') in 0.017214 seconds
  Import took 0.028704 seconds .

========================================================================
Received Import Request.
  Time since last request: 0.000232 seconds.
  path: Assets/Prefabs/BlockL.prefab
  artifactKey: Guid(194963c0bf28fd54e8d5b7d4e4306d6c) Importer(815301076,1909f56bfc062723c751e8b465ee728b)
Start importing Assets/Prefabs/BlockL.prefab using Guid(194963c0bf28fd54e8d5b7d4e4306d6c) Importer(815301076,1909f56bfc062723c751e8b465ee728b)  -> (artifact id: '3898b6cdbf5b32c6f6377c70e01b3b31') in 0.022739 seconds
  Import took 0.036773 seconds .

========================================================================
Received Import Request.
  Time since last request: 0.000212 seconds.
  path: Assets/Prefabs/BlockJ.prefab
  artifactKey: Guid(f91a88ba3681def4d9ee247f96ce5920) Importer(815301076,1909f56bfc062723c751e8b465ee728b)
Start importing Assets/Prefabs/BlockJ.prefab using Guid(f91a88ba3681def4d9ee247f96ce5920) Importer(815301076,1909f56bfc062723c751e8b465ee728b)  -> (artifact id: '2b5bc5c791d3899e637dc5e779fd615f') in 0.010474 seconds
  Import took 0.015273 seconds .

========================================================================
Received Import Request.
  Time since last request: 0.000238 seconds.
  path: Assets/Prefabs/BlockS.prefab
  artifactKey: Guid(d235ecba75a04584f874f1bc1be69aa7) Importer(815301076,1909f56bfc062723c751e8b465ee728b)
Start importing Assets/Prefabs/BlockS.prefab using Guid(d235ecba75a04584f874f1bc1be69aa7) Importer(815301076,1909f56bfc062723c751e8b465ee728b)  -> (artifact id: 'fc2b48a96120097daed061b5b32de29c') in 0.022315 seconds
  Import took 0.026191 seconds .

========================================================================
Received Import Request.
  Time since last request: 0.000229 seconds.
  path: Assets/Prefabs/BlockL.prefab
  artifactKey: Guid(194963c0bf28fd54e8d5b7d4e4306d6c) Importer(815301076,1909f56bfc062723c751e8b465ee728b)
Start importing Assets/Prefabs/BlockL.prefab using Guid(194963c0bf28fd54e8d5b7d4e4306d6c) Importer(815301076,1909f56bfc062723c751e8b465ee728b)  -> (artifact id: '3898b6cdbf5b32c6f6377c70e01b3b31') in 0.013129 seconds
  Import took 0.017477 seconds .

========================================================================
Received Import Request.
  Time since last request: 0.000206 seconds.
  path: Assets/Prefabs/BlockO.prefab
  artifactKey: Guid(5229b1808f88a1f4d98a01dccec37635) Importer(815301076,1909f56bfc062723c751e8b465ee728b)
Start importing Assets/Prefabs/BlockO.prefab using Guid(5229b1808f88a1f4d98a01dccec37635) Importer(815301076,1909f56bfc062723c751e8b465ee728b)  -> (artifact id: 'fe79527910f56e1bc07b8e3cd7748b83') in 0.022012 seconds
  Import took 0.025922 seconds .

========================================================================
Received Import Request.
  Time since last request: 0.000223 seconds.
  path: Assets/Prefabs/BlockT.prefab
  artifactKey: Guid(4fdcc0aa76c87dc42a3bb208a5987abb) Importer(815301076,1909f56bfc062723c751e8b465ee728b)
Start importing Assets/Prefabs/BlockT.prefab using Guid(4fdcc0aa76c87dc42a3bb208a5987abb) Importer(815301076,1909f56bfc062723c751e8b465ee728b)  -> (artifact id: '4890d3bb506c72b1b430990b02f69951') in 0.017729 seconds
  Import took 0.020916 seconds .

========================================================================
Received Import Request.
  Time since last request: 0.000245 seconds.
  path: Assets/Prefabs/BlockZ.prefab
  artifactKey: Guid(35c9351da71db98409795195ae576313) Importer(815301076,1909f56bfc062723c751e8b465ee728b)
Start importing Assets/Prefabs/BlockZ.prefab using Guid(35c9351da71db98409795195ae576313) Importer(815301076,1909f56bfc062723c751e8b465ee728b)  -> (artifact id: '7180b89692ac78ca9b19e8872c0d6912') in 0.018286 seconds
  Import took 0.021530 seconds .

========================================================================
Received Prepare
Registering precompiled user dll's ...
Registered in 0.001394 seconds.
Begin MonoManager ReloadAssembly
Native extension for WindowsStandalone target not found
Refreshing native plugins compatible for Editor in 0.52 ms, found 0 plugins.
Preloading 0 native plugins for Editor in 0.00 ms.
Invoked RoslynAnalysisRunner static constructor.
RoslynAnalysisRunner will not be running.
RoslynAnalysisRunner has terminated.
Mono: successfully reloaded assembly
- Completed reload, in  1.907 seconds
Platform modules already initialized, skipping
Refreshing native plugins compatible for Editor in 0.47 ms, found 0 plugins.
Preloading 0 native plugins for Editor in 0.00 ms.
Unloading 1151 Unused Serialized files (Serialized files now loaded: 0)
System memory in use before: 61.5 MB.
System memory in use after: 61.6 MB.

Unloading 4 unused Assets to reduce memory usage. Loaded Objects now: 1661.
Total: 3.270600 ms (FindLiveObjects: 0.249500 ms CreateObjectMapping: 0.052100 ms MarkObjects: 2.943000 ms  DeleteObjects: 0.024300 ms)

========================================================================
Received Prepare
Registering precompiled user dll's ...
Registered in 0.000766 seconds.
Begin MonoManager ReloadAssembly
Native extension for WindowsStandalone target not found
Refreshing native plugins compatible for Editor in 0.45 ms, found 0 plugins.
Preloading 0 native plugins for Editor in 0.00 ms.
Invoked RoslynAnalysisRunner static constructor.
RoslynAnalysisRunner will not be running.
RoslynAnalysisRunner has terminated.
Mono: successfully reloaded assembly
- Completed reload, in  2.730 seconds
Platform modules already initialized, skipping
Refreshing native plugins compatible for Editor in 0.42 ms, found 0 plugins.
Preloading 0 native plugins for Editor in 0.00 ms.
Unloading 1151 Unused Serialized files (Serialized files now loaded: 0)
System memory in use before: 61.5 MB.
System memory in use after: 61.6 MB.

Unloading 4 unused Assets to reduce memory usage. Loaded Objects now: 1664.
Total: 2.758800 ms (FindLiveObjects: 0.264400 ms CreateObjectMapping: 0.054000 ms MarkObjects: 2.416200 ms  DeleteObjects: 0.022800 ms)

========================================================================
Received Import Request.
  Time since last request: 256.481926 seconds.
  path: Assets/Prefabs/BlockJ.prefab
  artifactKey: Guid(f91a88ba3681def4d9ee247f96ce5920) Importer(815301076,1909f56bfc062723c751e8b465ee728b)
Start importing Assets/Prefabs/BlockJ.prefab using Guid(f91a88ba3681def4d9ee247f96ce5920) Importer(815301076,1909f56bfc062723c751e8b465ee728b)  -> (artifact id: '341095b041fb6aa10f0b13ae5262f19a') in 0.097652 seconds
  Import took 0.100495 seconds .

========================================================================
Received Import Request.
  Time since last request: 0.000208 seconds.
  path: Assets/Prefabs/BlockL.prefab
  artifactKey: Guid(194963c0bf28fd54e8d5b7d4e4306d6c) Importer(815301076,1909f56bfc062723c751e8b465ee728b)
Start importing Assets/Prefabs/BlockL.prefab using Guid(194963c0bf28fd54e8d5b7d4e4306d6c) Importer(815301076,1909f56bfc062723c751e8b465ee728b)  -> (artifact id: '3525216c7ede30966fcb2f3f77ebd27e') in 0.012330 seconds
  Import took 0.014972 seconds .

========================================================================
Received Import Request.
  Time since last request: 0.000232 seconds.
  path: Assets/Prefabs/BlockS.prefab
  artifactKey: Guid(d235ecba75a04584f874f1bc1be69aa7) Importer(815301076,1909f56bfc062723c751e8b465ee728b)
Start importing Assets/Prefabs/BlockS.prefab using Guid(d235ecba75a04584f874f1bc1be69aa7) Importer(815301076,1909f56bfc062723c751e8b465ee728b)  -> (artifact id: '838518bb8ada385ecb52991f6d45b243') in 0.011094 seconds
  Import took 0.016609 seconds .

========================================================================
Received Import Request.
  Time since last request: 0.000222 seconds.
  path: Assets/Prefabs/BlockI.prefab
  artifactKey: Guid(95ec7d2dbdd7a2645b46a48f2ddd818f) Importer(815301076,1909f56bfc062723c751e8b465ee728b)
Start importing Assets/Prefabs/BlockI.prefab using Guid(95ec7d2dbdd7a2645b46a48f2ddd818f) Importer(815301076,1909f56bfc062723c751e8b465ee728b)  -> (artifact id: 'dcf193afb720839301d9712129daff1e') in 0.023239 seconds
  Import took 0.029152 seconds .

========================================================================
Received Import Request.
  Time since last request: 0.000394 seconds.
  path: Assets/Prefabs/BlockO.prefab
  artifactKey: Guid(5229b1808f88a1f4d98a01dccec37635) Importer(815301076,1909f56bfc062723c751e8b465ee728b)
Start importing Assets/Prefabs/BlockO.prefab using Guid(5229b1808f88a1f4d98a01dccec37635) Importer(815301076,1909f56bfc062723c751e8b465ee728b)  -> (artifact id: '08e7242d9bfbb492ddfd17d2931d851c') in 0.019867 seconds
  Import took 0.023581 seconds .

========================================================================
Received Import Request.
  Time since last request: 0.000243 seconds.
  path: Assets/Prefabs/BlockT.prefab
  artifactKey: Guid(4fdcc0aa76c87dc42a3bb208a5987abb) Importer(815301076,1909f56bfc062723c751e8b465ee728b)
Start importing Assets/Prefabs/BlockT.prefab using Guid(4fdcc0aa76c87dc42a3bb208a5987abb) Importer(815301076,1909f56bfc062723c751e8b465ee728b)  -> (artifact id: '66678f542fdca73e51a8af711a958b56') in 0.015752 seconds
  Import took 0.020301 seconds .

========================================================================
Received Import Request.
  Time since last request: 0.000222 seconds.
  path: Assets/Prefabs/BlockI.prefab
  artifactKey: Guid(95ec7d2dbdd7a2645b46a48f2ddd818f) Importer(815301076,1909f56bfc062723c751e8b465ee728b)
Start importing Assets/Prefabs/BlockI.prefab using Guid(95ec7d2dbdd7a2645b46a48f2ddd818f) Importer(815301076,1909f56bfc062723c751e8b465ee728b)  -> (artifact id: 'dcf193afb720839301d9712129daff1e') in 0.013930 seconds
  Import took 0.023052 seconds .

========================================================================
Received Import Request.
  Time since last request: 0.000066 seconds.
  path: Assets/Prefabs/BlockZ.prefab
  artifactKey: Guid(35c9351da71db98409795195ae576313) Importer(815301076,1909f56bfc062723c751e8b465ee728b)
Start importing Assets/Prefabs/BlockZ.prefab using Guid(35c9351da71db98409795195ae576313) Importer(815301076,1909f56bfc062723c751e8b465ee728b)  -> (artifact id: 'f4fff0a8ce377cfb5df3f9f074f6d03d') in 0.023449 seconds
  Import took 0.048096 seconds .

========================================================================
Received Prepare
Registering precompiled user dll's ...
Registered in 0.000937 seconds.
Begin MonoManager ReloadAssembly
Native extension for WindowsStandalone target not found
Refreshing native plugins compatible for Editor in 0.28 ms, found 0 plugins.
Preloading 0 native plugins for Editor in 0.00 ms.
Invoked RoslynAnalysisRunner static constructor.
RoslynAnalysisRunner will not be running.
RoslynAnalysisRunner has terminated.
Mono: successfully reloaded assembly
- Completed reload, in  1.343 seconds
Platform modules already initialized, skipping
Refreshing native plugins compatible for Editor in 0.29 ms, found 0 plugins.
Preloading 0 native plugins for Editor in 0.00 ms.
Unloading 1151 Unused Serialized files (Serialized files now loaded: 0)
System memory in use before: 61.5 MB.
System memory in use after: 61.6 MB.

Unloading 4 unused Assets to reduce memory usage. Loaded Objects now: 1668.
Total: 2.243400 ms (FindLiveObjects: 0.251100 ms CreateObjectMapping: 0.043300 ms MarkObjects: 1.929300 ms  DeleteObjects: 0.018000 ms)

========================================================================
Received Prepare
Registering precompiled user dll's ...
Registered in 0.001149 seconds.
Begin MonoManager ReloadAssembly
Native extension for WindowsStandalone target not found
Refreshing native plugins compatible for Editor in 0.36 ms, found 0 plugins.
Preloading 0 native plugins for Editor in 0.00 ms.
Invoked RoslynAnalysisRunner static constructor.
RoslynAnalysisRunner will not be running.
RoslynAnalysisRunner has terminated.
Mono: successfully reloaded assembly
- Completed reload, in  2.121 seconds
Platform modules already initialized, skipping
Refreshing native plugins compatible for Editor in 0.42 ms, found 0 plugins.
Preloading 0 native plugins for Editor in 0.00 ms.
Unloading 1151 Unused Serialized files (Serialized files now loaded: 0)
System memory in use before: 61.5 MB.
System memory in use after: 61.6 MB.

Unloading 4 unused Assets to reduce memory usage. Loaded Objects now: 1671.
Total: 5.753200 ms (FindLiveObjects: 0.847800 ms CreateObjectMapping: 0.322000 ms MarkObjects: 4.559900 ms  DeleteObjects: 0.021300 ms)

========================================================================
Received Prepare
Registering precompiled user dll's ...
Registered in 0.000752 seconds.
Begin MonoManager ReloadAssembly
Native extension for WindowsStandalone target not found
Refreshing native plugins compatible for Editor in 0.27 ms, found 0 plugins.
Preloading 0 native plugins for Editor in 0.00 ms.
Invoked RoslynAnalysisRunner static constructor.
RoslynAnalysisRunner will not be running.
RoslynAnalysisRunner has terminated.
Mono: successfully reloaded assembly
- Completed reload, in  1.385 seconds
Platform modules already initialized, skipping
Refreshing native plugins compatible for Editor in 0.33 ms, found 0 plugins.
Preloading 0 native plugins for Editor in 0.00 ms.
Unloading 1151 Unused Serialized files (Serialized files now loaded: 0)
System memory in use before: 61.5 MB.
System memory in use after: 61.6 MB.

Unloading 4 unused Assets to reduce memory usage. Loaded Objects now: 1674.
Total: 2.545600 ms (FindLiveObjects: 0.189900 ms CreateObjectMapping: 0.035500 ms MarkObjects: 2.301100 ms  DeleteObjects: 0.017300 ms)

========================================================================
Received Prepare
Registering precompiled user dll's ...
Registered in 0.001690 seconds.
Begin MonoManager ReloadAssembly
Native extension for WindowsStandalone target not found
Refreshing native plugins compatible for Editor in 0.26 ms, found 0 plugins.
Preloading 0 native plugins for Editor in 0.00 ms.
Invoked RoslynAnalysisRunner static constructor.
RoslynAnalysisRunner will not be running.
RoslynAnalysisRunner has terminated.
Mono: successfully reloaded assembly
- Completed reload, in  1.471 seconds
Platform modules already initialized, skipping
Refreshing native plugins compatible for Editor in 0.69 ms, found 0 plugins.
Preloading 0 native plugins for Editor in 0.00 ms.
Unloading 1151 Unused Serialized files (Serialized files now loaded: 0)
System memory in use before: 61.5 MB.
System memory in use after: 61.6 MB.

Unloading 4 unused Assets to reduce memory usage. Loaded Objects now: 1677.
Total: 3.848800 ms (FindLiveObjects: 0.364000 ms CreateObjectMapping: 0.059600 ms MarkObjects: 3.399800 ms  DeleteObjects: 0.023600 ms)

========================================================================
Received Prepare
Registering precompiled user dll's ...
Registered in 0.000875 seconds.
Begin MonoManager ReloadAssembly
Native extension for WindowsStandalone target not found
Refreshing native plugins compatible for Editor in 0.28 ms, found 0 plugins.
Preloading 0 native plugins for Editor in 0.00 ms.
Invoked RoslynAnalysisRunner static constructor.
RoslynAnalysisRunner will not be running.
RoslynAnalysisRunner has terminated.
Mono: successfully reloaded assembly
- Completed reload, in  1.484 seconds
Platform modules already initialized, skipping
Refreshing native plugins compatible for Editor in 0.41 ms, found 0 plugins.
Preloading 0 native plugins for Editor in 0.00 ms.
Unloading 1151 Unused Serialized files (Serialized files now loaded: 0)
System memory in use before: 61.5 MB.
System memory in use after: 61.6 MB.

Unloading 4 unused Assets to reduce memory usage. Loaded Objects now: 1680.
Total: 3.224000 ms (FindLiveObjects: 0.311500 ms CreateObjectMapping: 0.072100 ms MarkObjects: 2.815500 ms  DeleteObjects: 0.022300 ms)

========================================================================
Received Prepare
Registering precompiled user dll's ...
Registered in 0.001071 seconds.
Begin MonoManager ReloadAssembly
Native extension for WindowsStandalone target not found
Refreshing native plugins compatible for Editor in 0.43 ms, found 0 plugins.
Preloading 0 native plugins for Editor in 0.00 ms.
Invoked RoslynAnalysisRunner static constructor.
RoslynAnalysisRunner will not be running.
RoslynAnalysisRunner has terminated.
Mono: successfully reloaded assembly
- Completed reload, in  1.758 seconds
Platform modules already initialized, skipping
Refreshing native plugins compatible for Editor in 0.36 ms, found 0 plugins.
Preloading 0 native plugins for Editor in 0.00 ms.
Unloading 1151 Unused Serialized files (Serialized files now loaded: 0)
System memory in use before: 61.5 MB.
System memory in use after: 61.6 MB.

Unloading 4 unused Assets to reduce memory usage. Loaded Objects now: 1683.
Total: 4.091900 ms (FindLiveObjects: 0.676100 ms CreateObjectMapping: 0.200400 ms MarkObjects: 3.195600 ms  DeleteObjects: 0.018000 ms)

========================================================================
Received Prepare
Registering precompiled user dll's ...
Registered in 0.000944 seconds.
Begin MonoManager ReloadAssembly
Native extension for WindowsStandalone target not found
Refreshing native plugins compatible for Editor in 0.35 ms, found 0 plugins.
Preloading 0 native plugins for Editor in 0.00 ms.
Invoked RoslynAnalysisRunner static constructor.
RoslynAnalysisRunner will not be running.
RoslynAnalysisRunner has terminated.
Mono: successfully reloaded assembly
- Completed reload, in  1.585 seconds
Platform modules already initialized, skipping
Refreshing native plugins compatible for Editor in 0.30 ms, found 0 plugins.
Preloading 0 native plugins for Editor in 0.00 ms.
Unloading 1151 Unused Serialized files (Serialized files now loaded: 0)
System memory in use before: 61.5 MB.
System memory in use after: 61.6 MB.

Unloading 4 unused Assets to reduce memory usage. Loaded Objects now: 1686.
Total: 2.947500 ms (FindLiveObjects: 0.231200 ms CreateObjectMapping: 0.039700 ms MarkObjects: 2.653600 ms  DeleteObjects: 0.021600 ms)

========================================================================
Received Prepare
Registering precompiled user dll's ...
Registered in 0.000978 seconds.
Begin MonoManager ReloadAssembly
Native extension for WindowsStandalone target not found
Refreshing native plugins compatible for Editor in 0.25 ms, found 0 plugins.
Preloading 0 native plugins for Editor in 0.00 ms.
Invoked RoslynAnalysisRunner static constructor.
RoslynAnalysisRunner will not be running.
RoslynAnalysisRunner has terminated.
Mono: successfully reloaded assembly
- Completed reload, in  1.357 seconds
Platform modules already initialized, skipping
Refreshing native plugins compatible for Editor in 0.42 ms, found 0 plugins.
Preloading 0 native plugins for Editor in 0.00 ms.
Unloading 1151 Unused Serialized files (Serialized files now loaded: 0)
System memory in use before: 61.5 MB.
System memory in use after: 61.6 MB.

Unloading 4 unused Assets to reduce memory usage. Loaded Objects now: 1689.
Total: 3.411200 ms (FindLiveObjects: 0.285200 ms CreateObjectMapping: 0.067100 ms MarkObjects: 3.032700 ms  DeleteObjects: 0.023900 ms)

========================================================================
Received Prepare
Registering precompiled user dll's ...
Registered in 0.001370 seconds.
Begin MonoManager ReloadAssembly
Native extension for WindowsStandalone target not found
Refreshing native plugins compatible for Editor in 0.81 ms, found 0 plugins.
Preloading 0 native plugins for Editor in 0.00 ms.
Invoked RoslynAnalysisRunner static constructor.
RoslynAnalysisRunner will not be running.
RoslynAnalysisRunner has terminated.
Mono: successfully reloaded assembly
- Completed reload, in  2.094 seconds
Platform modules already initialized, skipping
Refreshing native plugins compatible for Editor in 1.00 ms, found 0 plugins.
Preloading 0 native plugins for Editor in 0.00 ms.
Unloading 1151 Unused Serialized files (Serialized files now loaded: 0)
System memory in use before: 61.5 MB.
System memory in use after: 61.6 MB.

Unloading 4 unused Assets to reduce memory usage. Loaded Objects now: 1692.
Total: 10.631700 ms (FindLiveObjects: 0.707100 ms CreateObjectMapping: 0.134800 ms MarkObjects: 9.765800 ms  DeleteObjects: 0.021600 ms)

========================================================================
Received Prepare
Registering precompiled user dll's ...
Registered in 0.001234 seconds.
Begin MonoManager ReloadAssembly
Native extension for WindowsStandalone target not found
Refreshing native plugins compatible for Editor in 0.36 ms, found 0 plugins.
Preloading 0 native plugins for Editor in 0.00 ms.
Invoked RoslynAnalysisRunner static constructor.
RoslynAnalysisRunner will not be running.
RoslynAnalysisRunner has terminated.
Mono: successfully reloaded assembly
- Completed reload, in  2.353 seconds
Platform modules already initialized, skipping
Refreshing native plugins compatible for Editor in 0.42 ms, found 0 plugins.
Preloading 0 native plugins for Editor in 0.00 ms.
Unloading 1151 Unused Serialized files (Serialized files now loaded: 0)
System memory in use before: 61.5 MB.
System memory in use after: 61.6 MB.

Unloading 4 unused Assets to reduce memory usage. Loaded Objects now: 1695.
Total: 3.914900 ms (FindLiveObjects: 0.291800 ms CreateObjectMapping: 0.265800 ms MarkObjects: 3.332900 ms  DeleteObjects: 0.021500 ms)

AssetImportWorkerClient::OnTransportError - code=2 error=End of file
